Determining if the pthread_create exist failed with the following output:
Change Dir: /home/anurag/catkin_ws/build/CMakeFiles/CMakeTmp

Run Build Command:/usr/bin/make "cmTryCompileExec791117622/fast"
/usr/bin/make -f CMakeFiles/cmTryCompileExec791117622.dir/build.make CMakeFiles/cmTryCompileExec791117622.dir/build
make[1]: Entering directory `/home/anurag/catkin_ws/build/CMakeFiles/CMakeTmp'
/usr/bin/cmake -E cmake_progress_report /home/anurag/catkin_ws/build/CMakeFiles/CMakeTmp/CMakeFiles 1
Building C object CMakeFiles/cmTryCompileExec791117622.dir/CheckSymbolExists.c.o
/usr/bin/cc    -o CMakeFiles/cmTryCompileExec791117622.dir/CheckSymbolExists.c.o   -c /home/anurag/catkin_ws/build/CMakeFiles/CMakeTmp/CheckSymbolExists.c
Linking C executable cmTryCompileExec791117622
/usr/bin/cmake -E cmake_link_script CMakeFiles/cmTryCompileExec791117622.dir/link.txt --verbose=1
/usr/bin/cc         CMakeFiles/cmTryCompileExec791117622.dir/CheckSymbolExists.c.o  -o cmTryCompileExec791117622 -rdynamic 
CMakeFiles/cmTryCompileExec791117622.dir/CheckSymbolExists.c.o: In function `main':
CheckSymbolExists.c:(.text+0xa): undefined reference to `pthread_create'
collect2: error: ld returned 1 exit status
make[1]: *** [cmTryCompileExec791117622] Error 1
make[1]: Leaving directory `/home/anurag/catkin_ws/build/CMakeFiles/CMakeTmp'
make: *** [cmTryCompileExec791117622/fast] Error 2

File /home/anurag/catkin_ws/build/CMakeFiles/CMakeTmp/CheckSymbolExists.c:
/* */
#include <pthread.h>

int main(int argc, char** argv)
{
  (void)argv;
#ifndef pthread_create
  return ((int*)(&pthread_create))[argc];
#else
  (void)argc;
  return 0;
#endif
}

Determining if the function pthread_create exists in the pthreads failed with the following output:
Change Dir: /home/anurag/catkin_ws/build/CMakeFiles/CMakeTmp

Run Build Command:/usr/bin/make "cmTryCompileExec4167889452/fast"
/usr/bin/make -f CMakeFiles/cmTryCompileExec4167889452.dir/build.make CMakeFiles/cmTryCompileExec4167889452.dir/build
make[1]: Entering directory `/home/anurag/catkin_ws/build/CMakeFiles/CMakeTmp'
/usr/bin/cmake -E cmake_progress_report /home/anurag/catkin_ws/build/CMakeFiles/CMakeTmp/CMakeFiles 1
Building C object CMakeFiles/cmTryCompileExec4167889452.dir/CheckFunctionExists.c.o
/usr/bin/cc   -DCHECK_FUNCTION_EXISTS=pthread_create   -o CMakeFiles/cmTryCompileExec4167889452.dir/CheckFunctionExists.c.o   -c /usr/share/cmake-2.8/Modules/CheckFunctionExists.c
Linking C executable cmTryCompileExec4167889452
/usr/bin/cmake -E cmake_link_script CMakeFiles/cmTryCompileExec4167889452.dir/link.txt --verbose=1
/usr/bin/cc     -DCHECK_FUNCTION_EXISTS=pthread_create    CMakeFiles/cmTryCompileExec4167889452.dir/CheckFunctionExists.c.o  -o cmTryCompileExec4167889452 -rdynamic -lpthreads 
/usr/bin/ld: cannot find -lpthreads
collect2: error: ld returned 1 exit status
make[1]: *** [cmTryCompileExec4167889452] Error 1
make[1]: Leaving directory `/home/anurag/catkin_ws/build/CMakeFiles/CMakeTmp'
make: *** [cmTryCompileExec4167889452/fast] Error 2


